# JRE version: Java(TM) SE Runtime Environment (21.0.9+7) (build 21.0.9+7-LTS-338)
# Java VM: Java HotSpot(TM) 64-Bit Server VM (21.0.9+7-LTS-338, mixed mode, sharing, tiered, compressed oops, compressed class ptrs, g1 gc, windows-amd64)
GC Precious Log:
 CardTable entry size: 512
 Card Set container configuration: InlinePtr #cards 5 size 8 Array Of Cards #cards 12 size 40 Howl #buckets 4 coarsen threshold 1843 Howl Bitmap #cards 512 size 80 coarsen threshold 460 Card regions per heap region 1 cards per card region 2048
 CPUs: 4 total, 4 available
 Memory: 7987M
 Large Page Support: Disabled
 NUMA Support: Disabled
 Compressed Oops: Enabled (32-bit)
 Heap Region Size: 1M
 Heap Min Capacity: 8M
 Heap Initial Capacity: 126M
 Heap Max Capacity: 1998M
 Pre-touch: Disabled
 Parallel Workers: 4
 Concurrent Workers: 1
 Concurrent Refinement Workers: 4
 Periodic GC: Disabled
Heap:
 garbage-first heap   total 129024K, used 34170K [0x0000000083200000, 0x0000000100000000)
  region size 1024K, 20 young (20480K), 2 survivors (2048K)
 Metaspace       used 13937K, committed 14208K, reserved 1114112K
  class space    used 1543K, committed 1664K, reserved 1048576K
GC Heap History (6 events):
Event: 5.236 GC heap before
{Heap before GC invocations=0 (full 0):
 garbage-first heap   total 129024K, used 16384K [0x0000000083200000, 0x0000000100000000)
  region size 1024K, 13 young (13312K), 0 survivors (0K)
 Metaspace       used 3007K, committed 3200K, reserved 1114112K
  class space    used 238K, committed 320K, reserved 1048576K
}
Event: 5.255 GC heap after
{Heap after GC invocations=1 (full 0):
 garbage-first heap   total 129024K, used 9813K [0x0000000083200000, 0x0000000100000000)
  region size 1024K, 2 young (2048K), 2 survivors (2048K)
 Metaspace       used 3007K, committed 3200K, reserved 1114112K
  class space    used 238K, committed 320K, reserved 1048576K
}
Event: 6.391 GC heap before
{Heap before GC invocations=1 (full 0):
 garbage-first heap   total 129024K, used 22101K [0x0000000083200000, 0x0000000100000000)
  region size 1024K, 13 young (13312K), 2 survivors (2048K)
 Metaspace       used 5685K, committed 5888K, reserved 1114112K
  class space    used 509K, committed 640K, reserved 1048576K
}
Event: 6.395 GC heap after
{Heap after GC invocations=2 (full 0):
 garbage-first heap   total 129024K, used 16101K [0x0000000083200000, 0x0000000100000000)
  region size 1024K, 2 young (2048K), 2 survivors (2048K)
 Metaspace       used 5685K, committed 5888K, reserved 1114112K
  class space    used 509K, committed 640K, reserved 1048576K
}
Event: 8.246 GC heap before
{Heap before GC invocations=2 (full 0):
 garbage-first heap   total 129024K, used 31461K [0x0000000083200000, 0x0000000100000000)
  region size 1024K, 18 young (18432K), 2 survivors (2048K)
 Metaspace       used 9984K, committed 10240K, reserved 1114112K
  class space    used 1054K, committed 1152K, reserved 1048576K
}
Event: 8.251 GC heap after
{Heap after GC invocations=3 (full 0):
 garbage-first heap   total 129024K, used 17786K [0x0000000083200000, 0x0000000100000000)
  region size 1024K, 2 young (2048K), 2 survivors (2048K)
 Metaspace       used 9984K, committed 10240K, reserved 1114112K
  class space    used 1054K, committed 1152K, reserved 1048576K
}

